c:\users\beka\source\repos\consoleapplication2\consoleapplication2\debug\vc142.pdb
c:\users\beka\source\repos\consoleapplication2\consoleapplication2\debug\vc142.idb
c:\users\beka\source\repos\consoleapplication2\consoleapplication2\debug\task9.obj
c:\users\beka\source\repos\consoleapplication2\consoleapplication2\debug\task8.obj
c:\users\beka\source\repos\consoleapplication2\consoleapplication2\debug\task7.obj
c:\users\beka\source\repos\consoleapplication2\consoleapplication2\debug\task5.obj
c:\users\beka\source\repos\consoleapplication2\consoleapplication2\debug\task4.obj
c:\users\beka\source\repos\consoleapplication2\consoleapplication2\debug\task3.obj
c:\users\beka\source\repos\consoleapplication2\consoleapplication2\debug\task2.obj
c:\users\beka\source\repos\consoleapplication2\consoleapplication2\debug\task1.obj
c:\users\beka\source\repos\consoleapplication2\consoleapplication2\debug\task6.obj
c:\users\beka\source\repos\consoleapplication2\consoleapplication2\debug\task17.obj
c:\users\beka\source\repos\consoleapplication2\consoleapplication2\debug\task16.obj
c:\users\beka\source\repos\consoleapplication2\consoleapplication2\debug\task15.obj
c:\users\beka\source\repos\consoleapplication2\consoleapplication2\debug\task14.obj
c:\users\beka\source\repos\consoleapplication2\consoleapplication2\debug\task13.obj
c:\users\beka\source\repos\consoleapplication2\consoleapplication2\debug\task12.obj
c:\users\beka\source\repos\consoleapplication2\consoleapplication2\debug\task11.obj
c:\users\beka\source\repos\consoleapplication2\consoleapplication2\debug\task10.obj
c:\users\beka\source\repos\consoleapplication2\consoleapplication2\debug\consoleapplication2.obj
c:\users\beka\source\repos\consoleapplication2\consoleapplication2\debug\task18.obj
c:\users\beka\source\repos\consoleapplication2\consoleapplication2\debug\task19.obj
c:\users\beka\source\repos\consoleapplication2\consoleapplication2\debug\consoleapplication2.res
c:\users\beka\source\repos\consoleapplication2\debug\consoleapplication2.pdb
c:\users\beka\source\repos\consoleapplication2\consoleapplication2\debug\consolea.fbaecf51.tlog\cl.command.1.tlog
c:\users\beka\source\repos\consoleapplication2\consoleapplication2\debug\consolea.fbaecf51.tlog\cl.read.1.tlog
c:\users\beka\source\repos\consoleapplication2\consoleapplication2\debug\consolea.fbaecf51.tlog\cl.write.1.tlog
c:\users\beka\source\repos\consoleapplication2\consoleapplication2\debug\consolea.fbaecf51.tlog\link-cvtres.read.1.tlog
c:\users\beka\source\repos\consoleapplication2\consoleapplication2\debug\consolea.fbaecf51.tlog\link-cvtres.write.1.tlog
c:\users\beka\source\repos\consoleapplication2\consoleapplication2\debug\consolea.fbaecf51.tlog\link-rc.read.1.tlog
c:\users\beka\source\repos\consoleapplication2\consoleapplication2\debug\consolea.fbaecf51.tlog\link-rc.write.1.tlog
c:\users\beka\source\repos\consoleapplication2\consoleapplication2\debug\consolea.fbaecf51.tlog\link.16568-cvtres.read.1.tlog
c:\users\beka\source\repos\consoleapplication2\consoleapplication2\debug\consolea.fbaecf51.tlog\link.16568-cvtres.write.1.tlog
c:\users\beka\source\repos\consoleapplication2\consoleapplication2\debug\consolea.fbaecf51.tlog\link.16568-rc.read.1.tlog
c:\users\beka\source\repos\consoleapplication2\consoleapplication2\debug\consolea.fbaecf51.tlog\link.16568-rc.write.1.tlog
c:\users\beka\source\repos\consoleapplication2\consoleapplication2\debug\consolea.fbaecf51.tlog\link.16568.read.1.tlog
c:\users\beka\source\repos\consoleapplication2\consoleapplication2\debug\consolea.fbaecf51.tlog\link.16568.write.1.tlog
c:\users\beka\source\repos\consoleapplication2\consoleapplication2\debug\consolea.fbaecf51.tlog\link.command.1.tlog
c:\users\beka\source\repos\consoleapplication2\consoleapplication2\debug\consolea.fbaecf51.tlog\link.read.1.tlog
c:\users\beka\source\repos\consoleapplication2\consoleapplication2\debug\consolea.fbaecf51.tlog\link.write.1.tlog
c:\users\beka\source\repos\consoleapplication2\consoleapplication2\debug\consolea.fbaecf51.tlog\rc.command.1.tlog
c:\users\beka\source\repos\consoleapplication2\consoleapplication2\debug\consolea.fbaecf51.tlog\rc.read.1.tlog
c:\users\beka\source\repos\consoleapplication2\consoleapplication2\debug\consolea.fbaecf51.tlog\rc.write.1.tlog
